<?xml version="1.0" encoding="UTF-8"?>
<testsuites name="Usecase8" time="70.271" tests="2" failures="0" errors="0">
   <testsuite name="Usecase8" tests="2" failures="0" errors="0" time="70.271" timestamp="2020-06-16 13:38:48" hostname="WIN10 - DESKTOP-0NVCT6K" id="Test Suites/Usecase8">
      <properties>
         <property name="deviceName" value=""/>
         <property name="devicePlatform" value=""/>
         <property name="logFolder" value="C:\\Users\\WIN10\\git\\DBDcompanies-test\\Reports\\20200616_133847\\Usecase8\\20200616_133847"/>
         <property name="logFiles" value="C:\\Users\\WIN10\\git\\DBDcompanies-test\\Reports\\20200616_133847\\Usecase8\\20200616_133847\\execution0.log"/>
         <property name="attachments" value=""/>
         <property name="hostName" value="WIN10 - DESKTOP-0NVCT6K"/>
         <property name="os" value="Windows 10 64bit"/>
         <property name="katalonVersion" value="7.5.2.1"/>
         <property name="browser" value="Chrome 83.0.4103.97"/>
         <property name="hostAddress" value="192.168.1.2"/>
         <property name="sessionId" value="bde597ccc5505b37f516dde72475db5b"/>
         <property name="seleniumVersion" value="3.141.59"/>
         <property name="proxyInformation" value="ProxyInformation { proxyOption=NO_PROXY, proxyServerType=HTTP, username=, password=********, proxyServerAddress=, proxyServerPort=0, executionList=\&quot;\&quot;, isApplyToDesiredCapabilities=true }"/>
         <property name="platform" value="Windows 10"/>
      </properties>
      <testcase name="Test Cases/1" time="18.753" classname="Test Cases/1" status="PASSED">
         <system-out><![CDATA[2020-06-16 13:38:49 - [TEST_CASE][PASSED] - Test Cases/1: Test Cases/1

2020-06-16 13:38:49 - [TEST_STEP][PASSED] - openBrowser("http://rthv1.opencloud.digital/index.php"): Browser is opened with url: 'http://rthv1.opencloud.digital/index.php'

2020-06-16 13:38:49 - [MESSAGE][INFO] - Starting 'Chrome' driver

2020-06-16 13:38:49 - [MESSAGE][INFO] - Action delay is set to 0 milliseconds

2020-06-16 13:38:57 - [MESSAGE][PASSED] - Browser is opened with url: 'http://rthv1.opencloud.digital/index.php'

2020-06-16 13:38:57 - [TEST_STEP][PASSED] - maximizeWindow(): Current window maximized

2020-06-16 13:39:00 - [MESSAGE][PASSED] - Current window maximized

2020-06-16 13:39:00 - [TEST_STEP][PASSED] - setText(findTestObject("1/Page_Users/Username"), findTestData("D1").getValue(1, 1)): Text 'admin' is set on object 'Object Repository/1/Page_Users/Username'

2020-06-16 13:39:00 - [MESSAGE][PASSED] - Text 'admin' is set on object 'Object Repository/1/Page_Users/Username'

2020-06-16 13:39:00 - [TEST_STEP][PASSED] - setText(findTestObject("1/Page_Users/Password"), findTestData("D1").getValue(2, 1)): Text '1qaz2WSX3edc ' is set on object 'Object Repository/1/Page_Users/Password'

2020-06-16 13:39:01 - [MESSAGE][PASSED] - Text '1qaz2WSX3edc ' is set on object 'Object Repository/1/Page_Users/Password'

2020-06-16 13:39:01 - [TEST_STEP][PASSED] - click(findTestObject("1/Page_Users/Sign in")): Object: 'Object Repository/1/Page_Users/Sign in' is clicked on

2020-06-16 13:39:07 - [MESSAGE][PASSED] - Object: 'Object Repository/1/Page_Users/Sign in' is clicked on]]></system-out>
         <system-err><![CDATA[]]></system-err>
      </testcase>
      <testcase name="Test Cases/14" time="50.651" classname="Test Cases/14" status="PASSED">
         <system-out><![CDATA[2020-06-16 13:39:07 - [TEST_CASE][PASSED] - Test Cases/14: Test Cases/14

2020-06-16 13:39:07 - [TEST_STEP][PASSED] - click(findTestObject("Page_Home/DBD Companies")): Object: 'Object Repository/Page_Home/DBD Companies' is clicked on

2020-06-16 13:39:15 - [MESSAGE][PASSED] - Object: 'Object Repository/Page_Home/DBD Companies' is clicked on

2020-06-16 13:39:15 - [TEST_STEP][PASSED] - click(findTestObject("Page_DBDCompanies/button_Search company")): Object: 'Object Repository/Page_DBDCompanies/button_Search company' is clicked on

2020-06-16 13:39:16 - [MESSAGE][PASSED] - Object: 'Object Repository/Page_DBDCompanies/button_Search company' is clicked on

2020-06-16 13:39:16 - [TEST_STEP][PASSED] - setText(findTestObject("Page_DBDCompanies/input company"), findTestData("D6").getValue(1, 1)): Text 'Sunjido Co. Ltd. ' is set on object 'Object Repository/Page_DBDCompanies/input company'

2020-06-16 13:39:43 - [MESSAGE][PASSED] - Text 'Sunjido Co. Ltd. ' is set on object 'Object Repository/Page_DBDCompanies/input company'

2020-06-16 13:39:43 - [TEST_STEP][PASSED] - click(findTestObject("Page_DBDCompanies/button_Search company")): Object: 'Object Repository/Page_DBDCompanies/button_Search company' is clicked on

2020-06-16 13:39:44 - [MESSAGE][PASSED] - Object: 'Object Repository/Page_DBDCompanies/button_Search company' is clicked on

2020-06-16 13:39:44 - [TEST_STEP][PASSED] - click(findTestObject("Page_DBDCompanies/a_Sunjido Co Ltd")): Object: 'Object Repository/Page_DBDCompanies/a_Sunjido Co Ltd' is clicked on

2020-06-16 13:39:53 - [MESSAGE][PASSED] - Object: 'Object Repository/Page_DBDCompanies/a_Sunjido Co Ltd' is clicked on

2020-06-16 13:39:53 - [TEST_STEP][PASSED] - click(findTestObject("More/button_More")): Object: 'Object Repository/More/button_More' is clicked on

2020-06-16 13:39:54 - [MESSAGE][PASSED] - Object: 'Object Repository/More/button_More' is clicked on

2020-06-16 13:39:54 - [TEST_STEP][PASSED] - click(findTestObject("More/a_Duplicate")): Object: 'Object Repository/More/a_Duplicate' is clicked on

2020-06-16 13:39:55 - [MESSAGE][PASSED] - Object: 'Object Repository/More/a_Duplicate' is clicked on

2020-06-16 13:39:55 - [TEST_STEP][PASSED] - click(findTestObject("More/button_Save")): Object: 'Object Repository/More/button_Save' is clicked on

2020-06-16 13:39:58 - [MESSAGE][PASSED] - Object: 'Object Repository/More/button_Save' is clicked on]]></system-out>
         <system-err><![CDATA[]]></system-err>
      </testcase>
      <system-out><![CDATA[2020-06-16 13:38:48 - [TEST_SUITE][PASSED] - Usecase8: Test Cases/14]]></system-out>
      <system-err><![CDATA[]]></system-err>
   </testsuite>
</testsuites>
