<?xml version="1.0" encoding="UTF-8"?>
<testsuites name="Usecase3" time="59.365" tests="4" failures="0" errors="0">
   <testsuite name="Usecase3" tests="4" failures="0" errors="0" time="59.365" timestamp="2020-06-16 13:26:08" hostname="WIN10 - DESKTOP-0NVCT6K" id="Test Suites/Usecase3">
      <properties>
         <property name="deviceName" value=""/>
         <property name="devicePlatform" value=""/>
         <property name="logFolder" value="C:\\Users\\WIN10\\git\\DBDcompanies-test\\Reports\\20200616_132606\\Usecase3\\20200616_132606"/>
         <property name="logFiles" value="C:\\Users\\WIN10\\git\\DBDcompanies-test\\Reports\\20200616_132606\\Usecase3\\20200616_132606\\execution0.log"/>
         <property name="attachments" value=""/>
         <property name="hostName" value="WIN10 - DESKTOP-0NVCT6K"/>
         <property name="os" value="Windows 10 64bit"/>
         <property name="katalonVersion" value="7.5.2.1"/>
         <property name="browser" value="Chrome 83.0.4103.97"/>
         <property name="hostAddress" value="192.168.1.2"/>
         <property name="sessionId" value="bc63d00a647081732daacc0d6f2d2428"/>
         <property name="seleniumVersion" value="3.141.59"/>
         <property name="proxyInformation" value="ProxyInformation { proxyOption=NO_PROXY, proxyServerType=HTTP, username=, password=********, proxyServerAddress=, proxyServerPort=0, executionList=\&quot;\&quot;, isApplyToDesiredCapabilities=true }"/>
         <property name="platform" value="Windows 10"/>
      </properties>
      <testcase name="Test Cases/1" time="11.964" classname="Test Cases/1" status="PASSED">
         <system-out><![CDATA[2020-06-16 13:26:08 - [TEST_CASE][PASSED] - Test Cases/1: Test Cases/1

2020-06-16 13:26:08 - [TEST_STEP][PASSED] - openBrowser("http://rthv1.opencloud.digital/index.php"): Browser is opened with url: 'http://rthv1.opencloud.digital/index.php'

2020-06-16 13:26:08 - [MESSAGE][INFO] - Starting 'Chrome' driver

2020-06-16 13:26:08 - [MESSAGE][INFO] - Action delay is set to 0 milliseconds

2020-06-16 13:26:14 - [MESSAGE][PASSED] - Browser is opened with url: 'http://rthv1.opencloud.digital/index.php'

2020-06-16 13:26:14 - [TEST_STEP][PASSED] - maximizeWindow(): Current window maximized

2020-06-16 13:26:16 - [MESSAGE][PASSED] - Current window maximized

2020-06-16 13:26:16 - [TEST_STEP][PASSED] - setText(findTestObject("1/Page_Users/Username"), findTestData("D1").getValue(1, 1)): Text 'admin' is set on object 'Object Repository/1/Page_Users/Username'

2020-06-16 13:26:17 - [MESSAGE][PASSED] - Text 'admin' is set on object 'Object Repository/1/Page_Users/Username'

2020-06-16 13:26:17 - [TEST_STEP][PASSED] - setText(findTestObject("1/Page_Users/Password"), findTestData("D1").getValue(2, 1)): Text '1qaz2WSX3edc ' is set on object 'Object Repository/1/Page_Users/Password'

2020-06-16 13:26:17 - [MESSAGE][PASSED] - Text '1qaz2WSX3edc ' is set on object 'Object Repository/1/Page_Users/Password'

2020-06-16 13:26:17 - [TEST_STEP][PASSED] - click(findTestObject("1/Page_Users/Sign in")): Object: 'Object Repository/1/Page_Users/Sign in' is clicked on

2020-06-16 13:26:20 - [MESSAGE][PASSED] - Object: 'Object Repository/1/Page_Users/Sign in' is clicked on]]></system-out>
         <system-err><![CDATA[]]></system-err>
      </testcase>
      <testcase name="Test Cases/4.0" time="10.746" classname="Test Cases/4.0" status="PASSED">
         <system-out><![CDATA[2020-06-16 13:26:20 - [TEST_CASE][PASSED] - Test Cases/4.0: Test Cases/4.0

2020-06-16 13:26:20 - [TEST_STEP][PASSED] - click(findTestObject("Page_Home/DBD Companies")): Object: 'Object Repository/Page_Home/DBD Companies' is clicked on

2020-06-16 13:26:26 - [MESSAGE][PASSED] - Object: 'Object Repository/Page_Home/DBD Companies' is clicked on

2020-06-16 13:26:26 - [TEST_STEP][PASSED] - click(findTestObject("Page_DBDCompanies/Add DBDCompany")): Object: 'Object Repository/Page_DBDCompanies/Add DBDCompany' is clicked on

2020-06-16 13:26:27 - [MESSAGE][PASSED] - Object: 'Object Repository/Page_DBDCompanies/Add DBDCompany' is clicked on

2020-06-16 13:26:27 - [TEST_STEP][PASSED] - delay(1): Delayed 1 second(s)

2020-06-16 13:26:28 - [MESSAGE][PASSED] - Delayed 1 second(s)

2020-06-16 13:26:28 - [TEST_STEP][PASSED] - click(findTestObject("Page_DBDCompanies/button_Save")): Object: 'Object Repository/Page_DBDCompanies/button_Save' is clicked on

2020-06-16 13:26:29 - [MESSAGE][PASSED] - Object: 'Object Repository/Page_DBDCompanies/button_Save' is clicked on

2020-06-16 13:26:29 - [TEST_STEP][PASSED] - delay(2): Delayed 2 second(s)

2020-06-16 13:26:31 - [MESSAGE][PASSED] - Delayed 2 second(s)]]></system-out>
         <system-err><![CDATA[]]></system-err>
      </testcase>
      <testcase name="Test Cases/3.0" time="7.738" classname="Test Cases/3.0" status="PASSED">
         <system-out><![CDATA[2020-06-16 13:26:31 - [TEST_CASE][PASSED] - Test Cases/3.0: Test Cases/3.0

2020-06-16 13:26:31 - [TEST_STEP][PASSED] - setText(findTestObject("Page_DBDCompanies/Company Name"), ""): Text '' is set on object 'Object Repository/Page_DBDCompanies/Company Name'

2020-06-16 13:26:31 - [MESSAGE][PASSED] - Text '' is set on object 'Object Repository/Page_DBDCompanies/Company Name'

2020-06-16 13:26:31 - [TEST_STEP][PASSED] - setText(findTestObject("Page_DBDCompanies/Registration Date"), "a"): Text 'a' is set on object 'Object Repository/Page_DBDCompanies/Registration Date'

2020-06-16 13:26:32 - [MESSAGE][PASSED] - Text 'a' is set on object 'Object Repository/Page_DBDCompanies/Registration Date'

2020-06-16 13:26:32 - [TEST_STEP][PASSED] - click(findTestObject("Page_DBDCompanies/Page_DBDCompanies/Page_DBDCompanies/div_Records ListRecently ModifiedLoading Widget"), STOP_ON_FAILURE): Object: 'Object Repository/Page_DBDCompanies/Page_DBDCompanies/Page_DBDCompanies/div_Records ListRecently ModifiedLoading Widget' is clicked on

2020-06-16 13:26:33 - [MESSAGE][PASSED] - Object: 'Object Repository/Page_DBDCompanies/Page_DBDCompanies/Page_DBDCompanies/div_Records ListRecently ModifiedLoading Widget' is clicked on

2020-06-16 13:26:33 - [TEST_STEP][PASSED] - click(findTestObject("Page_DBDCompanies/button_Save")): Object: 'Object Repository/Page_DBDCompanies/button_Save' is clicked on

2020-06-16 13:26:34 - [MESSAGE][PASSED] - Object: 'Object Repository/Page_DBDCompanies/button_Save' is clicked on

2020-06-16 13:26:34 - [TEST_STEP][PASSED] - delay(2): Delayed 2 second(s)

2020-06-16 13:26:36 - [MESSAGE][PASSED] - Delayed 2 second(s)

2020-06-16 13:26:36 - [TEST_STEP][PASSED] - setText(findTestObject("Page_DBDCompanies/Company Name"), findTestData("D2").getValue(2, 1)): Text 'Sunjido Co. Ltd.' is set on object 'Object Repository/Page_DBDCompanies/Company Name'

2020-06-16 13:26:37 - [MESSAGE][PASSED] - Text 'Sunjido Co. Ltd.' is set on object 'Object Repository/Page_DBDCompanies/Company Name'

2020-06-16 13:26:37 - [TEST_STEP][PASSED] - setText(findTestObject("Page_DBDCompanies/Registration Date"), findTestData("D3").getValue(2, 1)): Text '01/01/2020' is set on object 'Object Repository/Page_DBDCompanies/Registration Date'

2020-06-16 13:26:38 - [MESSAGE][PASSED] - Text '01/01/2020' is set on object 'Object Repository/Page_DBDCompanies/Registration Date'

2020-06-16 13:26:38 - [TEST_STEP][PASSED] - click(findTestObject("Page_DBDCompanies/button_Save")): Object: 'Object Repository/Page_DBDCompanies/button_Save' is clicked on

2020-06-16 13:26:38 - [MESSAGE][PASSED] - Object: 'Object Repository/Page_DBDCompanies/button_Save' is clicked on]]></system-out>
         <system-err><![CDATA[]]></system-err>
      </testcase>
      <testcase name="Test Cases/7" time="28.04" classname="Test Cases/7" status="PASSED">
         <system-out><![CDATA[2020-06-16 13:26:38 - [TEST_CASE][PASSED] - Test Cases/7: Test Cases/7

2020-06-16 13:26:38 - [TEST_STEP][PASSED] - click(findTestObject("Page_Home/DBD Companies")): Object: 'Object Repository/Page_Home/DBD Companies' is clicked on

2020-06-16 13:26:40 - [MESSAGE][PASSED] - Object: 'Object Repository/Page_Home/DBD Companies' is clicked on

2020-06-16 13:26:40 - [TEST_STEP][PASSED] - click(findTestObject("Page_DBDCompanies/button_Request New Account Not in DBD")): Object: 'Object Repository/Page_DBDCompanies/button_Request New Account Not in DBD' is clicked on

2020-06-16 13:26:43 - [MESSAGE][PASSED] - Object: 'Object Repository/Page_DBDCompanies/button_Request New Account Not in DBD' is clicked on

2020-06-16 13:26:43 - [TEST_STEP][PASSED] - click(findTestObject("Not in DBD/Page_Accounts/button_Save")): Object: 'Object Repository/Not in DBD/Page_Accounts/button_Save' is clicked on

2020-06-16 13:26:43 - [MESSAGE][PASSED] - Object: 'Object Repository/Not in DBD/Page_Accounts/button_Save' is clicked on

2020-06-16 13:26:43 - [TEST_STEP][PASSED] - delay(2): Delayed 2 second(s)

2020-06-16 13:26:45 - [MESSAGE][PASSED] - Delayed 2 second(s)

2020-06-16 13:26:45 - [TEST_STEP][PASSED] - delay(1): Delayed 1 second(s)

2020-06-16 13:26:46 - [MESSAGE][PASSED] - Delayed 1 second(s)

2020-06-16 13:26:46 - [TEST_STEP][PASSED] - setText(findTestObject("Not in DBD/Page_Accounts/input__accountname"), findTestData("D4").getValue(1, 1)): Text 'ภูมิพัจน์' is set on object 'Object Repository/Not in DBD/Page_Accounts/input__accountname'

2020-06-16 13:26:47 - [MESSAGE][PASSED] - Text 'ภูมิพัจน์' is set on object 'Object Repository/Not in DBD/Page_Accounts/input__accountname'

2020-06-16 13:26:47 - [TEST_STEP][PASSED] - setText(findTestObject("Not in DBD/Page_Accounts/accountnameENG"), findTestData("D4").getValue(2, 1)): Text 'pumipat' is set on object 'Object Repository/Not in DBD/Page_Accounts/accountnameENG'

2020-06-16 13:26:48 - [MESSAGE][PASSED] - Text 'pumipat' is set on object 'Object Repository/Not in DBD/Page_Accounts/accountnameENG'

2020-06-16 13:26:48 - [TEST_STEP][PASSED] - click(findTestObject("Not in DBD/Page_Accounts/h3_Request New Account - Not in DBD")): Object: 'Object Repository/Not in DBD/Page_Accounts/h3_Request New Account - Not in DBD' is clicked on

2020-06-16 13:26:49 - [MESSAGE][PASSED] - Object: 'Object Repository/Not in DBD/Page_Accounts/h3_Request New Account - Not in DBD' is clicked on

2020-06-16 13:26:49 - [TEST_STEP][PASSED] - click(findTestObject("Not in DBD/Page_Accounts/New Select/Customer SegmentN")): Object: 'Object Repository/Not in DBD/Page_Accounts/New Select/Customer SegmentN' is clicked on

2020-06-16 13:26:50 - [MESSAGE][PASSED] - Object: 'Object Repository/Not in DBD/Page_Accounts/New Select/Customer SegmentN' is clicked on

2020-06-16 13:26:50 - [TEST_STEP][PASSED] - setText(findTestObject("Not in DBD/Page_Accounts/input Customer Segment"), findTestData("D4").getValue(3, 1)): Text 'SME' is set on object 'Object Repository/Not in DBD/Page_Accounts/input Customer Segment'

2020-06-16 13:26:50 - [MESSAGE][PASSED] - Text 'SME' is set on object 'Object Repository/Not in DBD/Page_Accounts/input Customer Segment'

2020-06-16 13:26:50 - [TEST_STEP][PASSED] - sendKeys(findTestObject("Not in DBD/Page_Accounts/input Customer Segment"), Keys.chord(ENTER)): Keys 'ENTER + ' sent to object: 'Object Repository/Not in DBD/Page_Accounts/input Customer Segment'

2020-06-16 13:26:51 - [MESSAGE][PASSED] - Keys 'ENTER + ' sent to object: 'Object Repository/Not in DBD/Page_Accounts/input Customer Segment'

2020-06-16 13:26:51 - [TEST_STEP][PASSED] - click(findTestObject("Not in DBD/Page_Accounts/New Select/Company levelN")): Object: 'Object Repository/Not in DBD/Page_Accounts/New Select/Company levelN' is clicked on

2020-06-16 13:26:51 - [MESSAGE][PASSED] - Object: 'Object Repository/Not in DBD/Page_Accounts/New Select/Company levelN' is clicked on

2020-06-16 13:26:51 - [TEST_STEP][PASSED] - setText(findTestObject("Not in DBD/Page_Accounts/New Select/input Company level 1"), findTestData("D4").getValue(4, 1)): Text 'Head Office' is set on object 'Object Repository/Not in DBD/Page_Accounts/New Select/input Company level 1'

2020-06-16 13:26:52 - [MESSAGE][PASSED] - Text 'Head Office' is set on object 'Object Repository/Not in DBD/Page_Accounts/New Select/input Company level 1'

2020-06-16 13:26:52 - [TEST_STEP][PASSED] - sendKeys(findTestObject("Not in DBD/Page_Accounts/New Select/input Company level 1"), Keys.chord(ENTER)): Keys 'ENTER + ' sent to object: 'Object Repository/Not in DBD/Page_Accounts/New Select/input Company level 1'

2020-06-16 13:26:53 - [MESSAGE][PASSED] - Keys 'ENTER + ' sent to object: 'Object Repository/Not in DBD/Page_Accounts/New Select/input Company level 1'

2020-06-16 13:26:53 - [TEST_STEP][PASSED] - click(findTestObject("Not in DBD/Page_Accounts/New Select/JPN")): Object: 'Object Repository/Not in DBD/Page_Accounts/New Select/JPN' is clicked on

2020-06-16 13:26:53 - [MESSAGE][PASSED] - Object: 'Object Repository/Not in DBD/Page_Accounts/New Select/JPN' is clicked on

2020-06-16 13:26:53 - [TEST_STEP][PASSED] - setText(findTestObject("Not in DBD/Page_Accounts/input japanese"), findTestData("D4").getValue(5, 1)): Text 'Yes' is set on object 'Object Repository/Not in DBD/Page_Accounts/input japanese'

2020-06-16 13:26:54 - [MESSAGE][PASSED] - Text 'Yes' is set on object 'Object Repository/Not in DBD/Page_Accounts/input japanese'

2020-06-16 13:26:54 - [TEST_STEP][PASSED] - sendKeys(findTestObject("Not in DBD/Page_Accounts/input japanese"), Keys.chord(ENTER)): Keys 'ENTER + ' sent to object: 'Object Repository/Not in DBD/Page_Accounts/input japanese'

2020-06-16 13:26:55 - [MESSAGE][PASSED] - Keys 'ENTER + ' sent to object: 'Object Repository/Not in DBD/Page_Accounts/input japanese'

2020-06-16 13:26:55 - [TEST_STEP][PASSED] - setText(findTestObject("Not in DBD/Page_Accounts/Purchasing"), findTestData("D4").getValue(6, 1)): Text 'จัดซื้อแยก Localized Purchasing' is set on object 'Object Repository/Not in DBD/Page_Accounts/Purchasing'

2020-06-16 13:26:56 - [MESSAGE][PASSED] - Text 'จัดซื้อแยก Localized Purchasing' is set on object 'Object Repository/Not in DBD/Page_Accounts/Purchasing'

2020-06-16 13:26:56 - [TEST_STEP][PASSED] - setText(findTestObject("Not in DBD/Page_Accounts/Branch ID"), findTestData("D4").getValue(7, 1)): Text '00001' is set on object 'Object Repository/Not in DBD/Page_Accounts/Branch ID'

2020-06-16 13:26:57 - [MESSAGE][PASSED] - Text '00001' is set on object 'Object Repository/Not in DBD/Page_Accounts/Branch ID'

2020-06-16 13:26:57 - [TEST_STEP][PASSED] - click(findTestObject("Not in DBD/Page_Accounts/New Select/Company statusN")): Object: 'Object Repository/Not in DBD/Page_Accounts/New Select/Company statusN' is clicked on

2020-06-16 13:26:57 - [MESSAGE][PASSED] - Object: 'Object Repository/Not in DBD/Page_Accounts/New Select/Company statusN' is clicked on

2020-06-16 13:26:57 - [TEST_STEP][PASSED] - setText(findTestObject("Not in DBD/Page_Accounts/input company status"), findTestData("D4").getValue(8, 1)): Text 'Active' is set on object 'Object Repository/Not in DBD/Page_Accounts/input company status'

2020-06-16 13:26:58 - [MESSAGE][PASSED] - Text 'Active' is set on object 'Object Repository/Not in DBD/Page_Accounts/input company status'

2020-06-16 13:26:58 - [TEST_STEP][PASSED] - sendKeys(findTestObject("Not in DBD/Page_Accounts/input company status"), Keys.chord(ENTER)): Keys 'ENTER + ' sent to object: 'Object Repository/Not in DBD/Page_Accounts/input company status'

2020-06-16 13:26:59 - [MESSAGE][PASSED] - Keys 'ENTER + ' sent to object: 'Object Repository/Not in DBD/Page_Accounts/input company status'

2020-06-16 13:26:59 - [TEST_STEP][PASSED] - setText(findTestObject("Not in DBD/Page_Accounts/Phone"), findTestData("D4").getValue(9, 1)): Text '0945839838' is set on object 'Object Repository/Not in DBD/Page_Accounts/Phone'

2020-06-16 13:27:00 - [MESSAGE][PASSED] - Text '0945839838' is set on object 'Object Repository/Not in DBD/Page_Accounts/Phone'

2020-06-16 13:27:00 - [TEST_STEP][PASSED] - setText(findTestObject("Not in DBD/Page_Accounts/Address"), findTestData("D4").getValue(10, 1)): Text 'Chiang Mai University' is set on object 'Object Repository/Not in DBD/Page_Accounts/Address'

2020-06-16 13:27:00 - [MESSAGE][PASSED] - Text 'Chiang Mai University' is set on object 'Object Repository/Not in DBD/Page_Accounts/Address'

2020-06-16 13:27:00 - [TEST_STEP][PASSED] - click(findTestObject("Not in DBD/Page_Accounts/searchZ")): Object: 'Object Repository/Not in DBD/Page_Accounts/searchZ' is clicked on

2020-06-16 13:27:01 - [MESSAGE][PASSED] - Object: 'Object Repository/Not in DBD/Page_Accounts/searchZ' is clicked on

2020-06-16 13:27:01 - [TEST_STEP][PASSED] - switchToWindowTitle("ZONE"): Switched to window with title: 'ZONE'

2020-06-16 13:27:03 - [MESSAGE][PASSED] - Switched to window with title: 'ZONE'

2020-06-16 13:27:03 - [TEST_STEP][PASSED] - click(findTestObject("Page_ZONE/a_270207")): Object: 'Object Repository/Page_ZONE/a_270207' is clicked on

2020-06-16 13:27:03 - [MESSAGE][PASSED] - Object: 'Object Repository/Page_ZONE/a_270207' is clicked on

2020-06-16 13:27:03 - [TEST_STEP][PASSED] - switchToDefaultContent(): null

2020-06-16 13:27:05 - [TEST_STEP][PASSED] - setText(findTestObject("Not in DBD/Page_Accounts/Tax NO"), findTestData("D4").getValue(12, 1)): Text '0121231234' is set on object 'Object Repository/Not in DBD/Page_Accounts/Tax NO'

2020-06-16 13:27:06 - [MESSAGE][PASSED] - Text '0121231234' is set on object 'Object Repository/Not in DBD/Page_Accounts/Tax NO'

2020-06-16 13:27:06 - [TEST_STEP][PASSED] - click(findTestObject("Not in DBD/Page_Accounts/button_Save")): Object: 'Object Repository/Not in DBD/Page_Accounts/button_Save' is clicked on

2020-06-16 13:27:06 - [MESSAGE][PASSED] - Object: 'Object Repository/Not in DBD/Page_Accounts/button_Save' is clicked on]]></system-out>
         <system-err><![CDATA[]]></system-err>
      </testcase>
      <system-out><![CDATA[2020-06-16 13:26:08 - [TEST_SUITE][PASSED] - Usecase3: Test Cases/7]]></system-out>
      <system-err><![CDATA[]]></system-err>
   </testsuite>
</testsuites>
