<?xml version="1.0" encoding="UTF-8"?>
<testsuites name="Usecase1" time="24.011" tests="2" failures="0" errors="0">
   <testsuite name="Usecase1" tests="2" failures="0" errors="0" time="24.011" timestamp="2020-06-16 23:09:13" hostname="WIN10 - DESKTOP-0NVCT6K" id="Test Suites/DBD Usecase/Usecase1">
      <properties>
         <property name="deviceName" value=""/>
         <property name="devicePlatform" value=""/>
         <property name="logFolder" value="C:\\Users\\WIN10\\git\\DBDcompanies-test\\Reports\\20200616_230912\\DBD Usecase\\Usecase1\\20200616_230912"/>
         <property name="logFiles" value="C:\\Users\\WIN10\\git\\DBDcompanies-test\\Reports\\20200616_230912\\DBD Usecase\\Usecase1\\20200616_230912\\execution0.log"/>
         <property name="attachments" value=""/>
         <property name="hostName" value="WIN10 - DESKTOP-0NVCT6K"/>
         <property name="os" value="Windows 10 64bit"/>
         <property name="katalonVersion" value="7.5.2.1"/>
         <property name="browser" value="Chrome 83.0.4103.97"/>
         <property name="hostAddress" value="192.168.1.2"/>
         <property name="sessionId" value="d3686d5a89b32ee65e1556142192bb94"/>
         <property name="seleniumVersion" value="3.141.59"/>
         <property name="proxyInformation" value="ProxyInformation { proxyOption=NO_PROXY, proxyServerType=HTTP, username=, password=********, proxyServerAddress=, proxyServerPort=0, executionList=\&quot;\&quot;, isApplyToDesiredCapabilities=true }"/>
         <property name="platform" value="Windows 10"/>
      </properties>
      <testcase name="Test Cases/DBD Test Case/1" time="8.443" classname="Test Cases/DBD Test Case/1" status="PASSED">
         <system-out><![CDATA[2020-06-16 23:09:13 - [TEST_CASE][PASSED] - Test Cases/DBD Test Case/1: Test Cases/DBD Test Case/1

2020-06-16 23:09:14 - [TEST_STEP][PASSED] - openBrowser("http://crmc.opencloud.digital:64216/index.php"): Browser is opened with url: 'http://crmc.opencloud.digital:64216/index.php'

2020-06-16 23:09:14 - [MESSAGE][INFO] - Starting 'Chrome' driver

2020-06-16 23:09:14 - [MESSAGE][INFO] - Action delay is set to 0 milliseconds

2020-06-16 23:09:19 - [MESSAGE][PASSED] - Browser is opened with url: 'http://crmc.opencloud.digital:64216/index.php'

2020-06-16 23:09:19 - [TEST_STEP][PASSED] - setText(findTestObject("1/Page_Users/Username"), findTestData("DBD Test Data/D1").getValue(1, 1)): Text 'admin' is set on object 'Object Repository/1/Page_Users/Username'

2020-06-16 23:09:20 - [MESSAGE][PASSED] - Text 'admin' is set on object 'Object Repository/1/Page_Users/Username'

2020-06-16 23:09:20 - [TEST_STEP][PASSED] - setText(findTestObject("1/Page_Users/Password"), findTestData("DBD Test Data/D1").getValue(2, 1)): Text '1qaz2WSX3edc ' is set on object 'Object Repository/1/Page_Users/Password'

2020-06-16 23:09:20 - [MESSAGE][PASSED] - Text '1qaz2WSX3edc ' is set on object 'Object Repository/1/Page_Users/Password'

2020-06-16 23:09:20 - [TEST_STEP][PASSED] - click(findTestObject("1/Page_Users/Sign in")): Object: 'Object Repository/1/Page_Users/Sign in' is clicked on

2020-06-16 23:09:22 - [MESSAGE][PASSED] - Object: 'Object Repository/1/Page_Users/Sign in' is clicked on]]></system-out>
         <system-err><![CDATA[]]></system-err>
      </testcase>
      <testcase name="Test Cases/DBD Test Case/2" time="14.71" classname="Test Cases/DBD Test Case/2" status="PASSED">
         <system-out><![CDATA[2020-06-16 23:09:22 - [TEST_CASE][PASSED] - Test Cases/DBD Test Case/2: Test Cases/DBD Test Case/2

2020-06-16 23:09:22 - [TEST_STEP][PASSED] - click(findTestObject("Page_Home/DBD Companies")): Object: 'Object Repository/Page_Home/DBD Companies' is clicked on

2020-06-16 23:09:29 - [MESSAGE][PASSED] - Object: 'Object Repository/Page_Home/DBD Companies' is clicked on

2020-06-16 23:09:29 - [TEST_STEP][PASSED] - click(findTestObject("Page_DBDCompanies/Add DBDCompany")): Object: 'Object Repository/Page_DBDCompanies/Add DBDCompany' is clicked on

2020-06-16 23:09:30 - [MESSAGE][PASSED] - Object: 'Object Repository/Page_DBDCompanies/Add DBDCompany' is clicked on

2020-06-16 23:09:30 - [TEST_STEP][PASSED] - setText(findTestObject("Page_DBDCompanies/Registration Number"), findTestData("DBD Test Data/D2").getValue(1, 1)): Text '2111400' is set on object 'Object Repository/Page_DBDCompanies/Registration Number'

2020-06-16 23:09:31 - [MESSAGE][PASSED] - Text '2111400' is set on object 'Object Repository/Page_DBDCompanies/Registration Number'

2020-06-16 23:09:31 - [TEST_STEP][PASSED] - setText(findTestObject("Page_DBDCompanies/Company Name"), findTestData("DBD Test Data/D2").getValue(2, 1)): Text 'Sunjido Co. Ltd.' is set on object 'Object Repository/Page_DBDCompanies/Company Name'

2020-06-16 23:09:32 - [MESSAGE][PASSED] - Text 'Sunjido Co. Ltd.' is set on object 'Object Repository/Page_DBDCompanies/Company Name'

2020-06-16 23:09:32 - [TEST_STEP][PASSED] - setText(findTestObject("Page_DBDCompanies/Registration Date"), findTestData("DBD Test Data/D2").getValue(3, 1)): Text '01/01/2020' is set on object 'Object Repository/Page_DBDCompanies/Registration Date'

2020-06-16 23:09:33 - [MESSAGE][PASSED] - Text '01/01/2020' is set on object 'Object Repository/Page_DBDCompanies/Registration Date'

2020-06-16 23:09:33 - [TEST_STEP][PASSED] - click(findTestObject("Page_DBDCompanies/Created By1")): Object: 'Object Repository/Page_DBDCompanies/Created By1' is clicked on

2020-06-16 23:09:33 - [MESSAGE][PASSED] - Object: 'Object Repository/Page_DBDCompanies/Created By1' is clicked on

2020-06-16 23:09:33 - [TEST_STEP][PASSED] - click(findTestObject("Page_DBDCompanies/Created By1")): Object: 'Object Repository/Page_DBDCompanies/Created By1' is clicked on

2020-06-16 23:09:34 - [MESSAGE][PASSED] - Object: 'Object Repository/Page_DBDCompanies/Created By1' is clicked on

2020-06-16 23:09:34 - [TEST_STEP][PASSED] - setText(findTestObject("Page_DBDCompanies/input Created By New"), findTestData("DBD Test Data/D2").getValue(4, 1)): Text 'PIS System' is set on object 'Object Repository/Page_DBDCompanies/input Created By New'

2020-06-16 23:09:35 - [MESSAGE][PASSED] - Text 'PIS System' is set on object 'Object Repository/Page_DBDCompanies/input Created By New'

2020-06-16 23:09:35 - [TEST_STEP][PASSED] - sendKeys(findTestObject("Page_DBDCompanies/input Created By New"), Keys.chord(ENTER)): Keys 'ENTER + ' sent to object: 'Object Repository/Page_DBDCompanies/input Created By New'

2020-06-16 23:09:35 - [MESSAGE][PASSED] - Keys 'ENTER + ' sent to object: 'Object Repository/Page_DBDCompanies/input Created By New'

2020-06-16 23:09:35 - [TEST_STEP][PASSED] - click(findTestObject("Page_DBDCompanies/button_Save")): Object: 'Object Repository/Page_DBDCompanies/button_Save' is clicked on

2020-06-16 23:09:37 - [MESSAGE][PASSED] - Object: 'Object Repository/Page_DBDCompanies/button_Save' is clicked on]]></system-out>
         <system-err><![CDATA[]]></system-err>
      </testcase>
      <system-out><![CDATA[2020-06-16 23:09:13 - [TEST_SUITE][PASSED] - Usecase1: Test Cases/DBD Test Case/2]]></system-out>
      <system-err><![CDATA[]]></system-err>
   </testsuite>
</testsuites>
